# JRE version: OpenJDK Runtime Environment (8.0_131-b11) (build 1.8.0_131-8u131-b11-2ubuntu1.16.04.3-b11)
# Java VM: OpenJDK 64-Bit Server VM (25.131-b11 mixed mode linux-amd64 compressed oops)
Heap:
 def new generation   total 379584K, used 0K [0x0000000700000000, 0x0000000719be0000, 0x0000000740000000)
  eden space 337408K,   0% used [0x0000000700000000, 0x0000000700000000, 0x0000000714980000)
  from space 42176K,   0% used [0x0000000714980000, 0x0000000714980000, 0x00000007172b0000)
  to   space 42176K,   0% used [0x00000007172b0000, 0x00000007172b0000, 0x0000000719be0000)
 tenured generation   total 854212K, used 782165K [0x0000000740000000, 0x0000000774231000, 0x00000007c0000000)
   the space 854212K,  91% used [0x0000000740000000, 0x000000076fbd5798, 0x000000076fbd5800, 0x0000000774231000)
 Metaspace       used 11032K, capacity 11258K, committed 11520K, reserved 1058816K
  class space    used 1443K, capacity 1513K, committed 1536K, reserved 1048576K
GC Heap History (10 events):
Event: 41.556 GC heap after
Heap after GC invocations=9 (full 3):
 def new generation   total 137216K, used 15231K [0x0000000700000000, 0x00000007094e0000, 0x0000000740000000)
  eden space 121984K,   0% used [0x0000000700000000, 0x0000000700000000, 0x0000000707720000)
  from space 15232K,  99% used [0x0000000708600000, 0x00000007094dfff8, 0x00000007094e0000)
  to   space 15232K,   0% used [0x0000000707720000, 0x0000000707720000, 0x0000000708600000)
 tenured generation   total 304876K, used 233538K [0x0000000740000000, 0x00000007529bb000, 0x00000007c0000000)
   the space 304876K,  76% used [0x0000000740000000, 0x000000074e410a20, 0x000000074e410c00, 0x00000007529bb000)
 Metaspace       used 9780K, capacity 10010K, committed 10112K, reserved 1058816K
  class space    used 1306K, capacity 1385K, committed 1408K, reserved 1048576K
}
Event: 52.371 GC heap before
{Heap before GC invocations=9 (full 3):
 def new generation   total 137216K, used 137215K [0x0000000700000000, 0x00000007094e0000, 0x0000000740000000)
  eden space 121984K, 100% used [0x0000000700000000, 0x0000000707720000, 0x0000000707720000)
  from space 15232K,  99% used [0x0000000708600000, 0x00000007094dfff8, 0x00000007094e0000)
  to   space 15232K,   0% used [0x0000000707720000, 0x0000000707720000, 0x0000000708600000)
 tenured generation   total 304876K, used 233538K [0x0000000740000000, 0x00000007529bb000, 0x00000007c0000000)
   the space 304876K,  76% used [0x0000000740000000, 0x000000074e410a20, 0x000000074e410c00, 0x00000007529bb000)
 Metaspace       used 9782K, capacity 10010K, committed 10112K, reserved 1058816K
  class space    used 1306K, capacity 1385K, committed 1408K, reserved 1048576K
Event: 61.756 GC heap after
Heap after GC invocations=10 (full 4):
 def new generation   total 216384K, used 0K [0x0000000700000000, 0x000000070eac0000, 0x0000000740000000)
  eden space 192384K,   0% used [0x0000000700000000, 0x0000000700000000, 0x000000070bbe0000)
  from space 24000K,   0% used [0x000000070bbe0000, 0x000000070bbe0000, 0x000000070d350000)
  to   space 24000K,   0% used [0x000000070d350000, 0x000000070d350000, 0x000000070eac0000)
 tenured generation   total 480644K, used 288385K [0x0000000740000000, 0x000000075d561000, 0x00000007c0000000)
   the space 480644K,  59% used [0x0000000740000000, 0x00000007519a05a0, 0x00000007519a0600, 0x000000075d561000)
 Metaspace       used 9782K, capacity 10010K, committed 10112K, reserved 1058816K
  class space    used 1306K, capacity 1385K, committed 1408K, reserved 1048576K
}
Event: 78.980 GC heap before
{Heap before GC invocations=10 (full 4):
 def new generation   total 216384K, used 192384K [0x0000000700000000, 0x000000070eac0000, 0x0000000740000000)
  eden space 192384K, 100% used [0x0000000700000000, 0x000000070bbe0000, 0x000000070bbe0000)
  from space 24000K,   0% used [0x000000070bbe0000, 0x000000070bbe0000, 0x000000070d350000)
  to   space 24000K,   0% used [0x000000070d350000, 0x000000070d350000, 0x000000070eac0000)
 tenured generation   total 480644K, used 288385K [0x0000000740000000, 0x000000075d561000, 0x00000007c0000000)
   the space 480644K,  59% used [0x0000000740000000, 0x00000007519a05a0, 0x00000007519a0600, 0x000000075d561000)
 Metaspace       used 9787K, capacity 10010K, committed 10112K, reserved 1058816K
  class space    used 1306K, capacity 1385K, committed 1408K, reserved 1048576K
Event: 85.279 GC heap after
Heap after GC invocations=11 (full 4):
 def new generation   total 216384K, used 24000K [0x0000000700000000, 0x000000070eac0000, 0x0000000740000000)
  eden space 192384K,   0% used [0x0000000700000000, 0x0000000700000000, 0x000000070bbe0000)
  from space 24000K, 100% used [0x000000070d350000, 0x000000070eac0000, 0x000000070eac0000)
  to   space 24000K,   0% used [0x000000070bbe0000, 0x000000070bbe0000, 0x000000070d350000)
 tenured generation   total 480644K, used 362467K [0x0000000740000000, 0x000000075d561000, 0x00000007c0000000)
   the space 480644K,  75% used [0x0000000740000000, 0x00000007561f8c70, 0x00000007561f8e00, 0x000000075d561000)
 Metaspace       used 9787K, capacity 10010K, committed 10112K, reserved 1058816K
  class space    used 1306K, capacity 1385K, committed 1408K, reserved 1048576K
}
Event: 94.052 GC heap before
{Heap before GC invocations=11 (full 4):
 def new generation   total 216384K, used 216384K [0x0000000700000000, 0x000000070eac0000, 0x0000000740000000)
  eden space 192384K, 100% used [0x0000000700000000, 0x000000070bbe0000, 0x000000070bbe0000)
  from space 24000K, 100% used [0x000000070d350000, 0x000000070eac0000, 0x000000070eac0000)
  to   space 24000K,   0% used [0x000000070bbe0000, 0x000000070bbe0000, 0x000000070d350000)
 tenured generation   total 480644K, used 362467K [0x0000000740000000, 0x000000075d561000, 0x00000007c0000000)
   the space 480644K,  75% used [0x0000000740000000, 0x00000007561f8c70, 0x00000007561f8e00, 0x000000075d561000)
 Metaspace       used 9787K, capacity 10010K, committed 10112K, reserved 1058816K
  class space    used 1306K, capacity 1385K, committed 1408K, reserved 1048576K
Event: 122.097 GC heap after
Heap after GC invocations=12 (full 5):
 def new generation   total 379584K, used 0K [0x0000000700000000, 0x0000000719be0000, 0x0000000740000000)
  eden space 337408K,   0% used [0x0000000700000000, 0x0000000700000000, 0x0000000714980000)
  from space 42176K,   0% used [0x0000000714980000, 0x0000000714980000, 0x00000007172b0000)
  to   space 42176K,   0% used [0x00000007172b0000, 0x00000007172b0000, 0x0000000719be0000)
 tenured generation   total 843460K, used 506074K [0x0000000740000000, 0x00000007737b1000, 0x00000007c0000000)
   the space 843460K,  59% used [0x0000000740000000, 0x000000075ee36bf8, 0x000000075ee36c00, 0x00000007737b1000)
 Metaspace       used 9787K, capacity 10010K, committed 10112K, reserved 1058816K
  class space    used 1306K, capacity 1385K, committed 1408K, reserved 1048576K
}
Event: 187.482 GC heap before
{Heap before GC invocations=12 (full 5):
 def new generation   total 379584K, used 334168K [0x0000000700000000, 0x0000000719be0000, 0x0000000740000000)
  eden space 337408K,  99% used [0x0000000700000000, 0x0000000714656218, 0x0000000714980000)
  from space 42176K,   0% used [0x0000000714980000, 0x0000000714980000, 0x00000007172b0000)
  to   space 42176K,   0% used [0x00000007172b0000, 0x00000007172b0000, 0x0000000719be0000)
 tenured generation   total 843460K, used 506074K [0x0000000740000000, 0x00000007737b1000, 0x00000007c0000000)
   the space 843460K,  59% used [0x0000000740000000, 0x000000075ee36bf8, 0x000000075ee36c00, 0x00000007737b1000)
 Metaspace       used 10629K, capacity 10926K, committed 11008K, reserved 1058816K
  class space    used 1407K, capacity 1511K, committed 1536K, reserved 1048576K
Event: 193.348 GC heap after
Heap after GC invocations=13 (full 5):
 def new generation   total 379584K, used 42175K [0x0000000700000000, 0x0000000719be0000, 0x0000000740000000)
  eden space 337408K,   0% used [0x0000000700000000, 0x0000000700000000, 0x0000000714980000)
  from space 42176K,  99% used [0x00000007172b0000, 0x0000000719bdfff8, 0x0000000719be0000)
  to   space 42176K,   0% used [0x0000000714980000, 0x0000000714980000, 0x00000007172b0000)
 tenured generation   total 843460K, used 704769K [0x0000000740000000, 0x00000007737b1000, 0x00000007c0000000)
   the space 843460K,  83% used [0x0000000740000000, 0x000000076b040480, 0x000000076b040600, 0x00000007737b1000)
 Metaspace       used 10629K, capacity 10926K, committed 11008K, reserved 1058816K
  class space    used 1407K, capacity 1511K, committed 1536K, reserved 1048576K
}
Event: 204.682 GC heap before
{Heap before GC invocations=13 (full 5):
 def new generation   total 379584K, used 373000K [0x0000000700000000, 0x0000000719be0000, 0x0000000740000000)
  eden space 337408K,  98% used [0x0000000700000000, 0x00000007143121a0, 0x0000000714980000)
  from space 42176K,  99% used [0x00000007172b0000, 0x0000000719bdfff8, 0x0000000719be0000)
  to   space 42176K,   0% used [0x0000000714980000, 0x0000000714980000, 0x00000007172b0000)
 tenured generation   total 843460K, used 704769K [0x0000000740000000, 0x00000007737b1000, 0x00000007c0000000)
   the space 843460K,  83% used [0x0000000740000000, 0x000000076b040480, 0x000000076b040600, 0x00000007737b1000)
 Metaspace       used 11032K, capacity 11258K, committed 11520K, reserved 1058816K
  class space    used 1443K, capacity 1513K, committed 1536K, reserved 1048576K

