# JRE version: OpenJDK Runtime Environment (8.0_131-b11) (build 1.8.0_131-8u131-b11-0ubuntu1.16.04.2-b11)
# Java VM: OpenJDK 64-Bit Server VM (25.131-b11 mixed mode linux-amd64 compressed oops)
Heap:
 def new generation   total 441792K, used 0K [0x00000006c0000000, 0x00000006ddf50000, 0x0000000715550000)
  eden space 392768K,   0% used [0x00000006c0000000, 0x00000006c0000000, 0x00000006d7f90000)
  from space 49024K,   0% used [0x00000006daf70000, 0x00000006daf70000, 0x00000006ddf50000)
  to   space 49024K,   0% used [0x00000006d7f90000, 0x00000006d7f90000, 0x00000006daf70000)
 tenured generation   total 1165996K, used 1061027K [0x0000000715550000, 0x000000075c7fb000, 0x00000007c0000000)
   the space 1165996K,  90% used [0x0000000715550000, 0x0000000756178c00, 0x0000000756178c00, 0x000000075c7fb000)
 Metaspace       used 15519K, capacity 15796K, committed 16128K, reserved 1062912K
  class space    used 2090K, capacity 2184K, committed 2304K, reserved 1048576K
GC Heap History (10 events):
Event: 17.151 GC heap after
Heap after GC invocations=11 (full 5):
 def new generation   total 258048K, used 0K [0x00000006c0000000, 0x00000006d1800000, 0x0000000715550000)
  eden space 229376K,   0% used [0x00000006c0000000, 0x00000006c0000000, 0x00000006ce000000)
  from space 28672K,   0% used [0x00000006ce000000, 0x00000006ce000000, 0x00000006cfc00000)
  to   space 28672K,   0% used [0x00000006cfc00000, 0x00000006cfc00000, 0x00000006d1800000)
 tenured generation   total 573344K, used 344005K [0x0000000715550000, 0x0000000738538000, 0x00000007c0000000)
   the space 573344K,  59% used [0x0000000715550000, 0x000000072a541540, 0x000000072a541600, 0x0000000738538000)
 Metaspace       used 9850K, capacity 10074K, committed 10112K, reserved 1058816K
  class space    used 1313K, capacity 1385K, committed 1408K, reserved 1048576K
}
Event: 19.173 GC heap before
{Heap before GC invocations=11 (full 5):
 def new generation   total 258048K, used 229376K [0x00000006c0000000, 0x00000006d1800000, 0x0000000715550000)
  eden space 229376K, 100% used [0x00000006c0000000, 0x00000006ce000000, 0x00000006ce000000)
  from space 28672K,   0% used [0x00000006ce000000, 0x00000006ce000000, 0x00000006cfc00000)
  to   space 28672K,   0% used [0x00000006cfc00000, 0x00000006cfc00000, 0x00000006d1800000)
 tenured generation   total 573344K, used 344005K [0x0000000715550000, 0x0000000738538000, 0x00000007c0000000)
   the space 573344K,  59% used [0x0000000715550000, 0x000000072a541540, 0x000000072a541600, 0x0000000738538000)
 Metaspace       used 9850K, capacity 10074K, committed 10112K, reserved 1058816K
  class space    used 1313K, capacity 1385K, committed 1408K, reserved 1048576K
Event: 19.755 GC heap after
Heap after GC invocations=12 (full 5):
 def new generation   total 258048K, used 28672K [0x00000006c0000000, 0x00000006d1800000, 0x0000000715550000)
  eden space 229376K,   0% used [0x00000006c0000000, 0x00000006c0000000, 0x00000006ce000000)
  from space 28672K, 100% used [0x00000006cfc00000, 0x00000006d1800000, 0x00000006d1800000)
  to   space 28672K,   0% used [0x00000006ce000000, 0x00000006ce000000, 0x00000006cfc00000)
 tenured generation   total 573344K, used 481971K [0x0000000715550000, 0x0000000738538000, 0x00000007c0000000)
   the space 573344K,  84% used [0x0000000715550000, 0x0000000732bfccf0, 0x0000000732bfce00, 0x0000000738538000)
 Metaspace       used 9850K, capacity 10074K, committed 10112K, reserved 1058816K
  class space    used 1313K, capacity 1385K, committed 1408K, reserved 1048576K
}
Event: 25.829 GC heap before
{Heap before GC invocations=12 (full 5):
 def new generation   total 258048K, used 258048K [0x00000006c0000000, 0x00000006d1800000, 0x0000000715550000)
  eden space 229376K, 100% used [0x00000006c0000000, 0x00000006ce000000, 0x00000006ce000000)
  from space 28672K, 100% used [0x00000006cfc00000, 0x00000006d1800000, 0x00000006d1800000)
  to   space 28672K,   0% used [0x00000006ce000000, 0x00000006ce000000, 0x00000006cfc00000)
 tenured generation   total 573344K, used 481971K [0x0000000715550000, 0x0000000738538000, 0x00000007c0000000)
   the space 573344K,  84% used [0x0000000715550000, 0x0000000732bfccf0, 0x0000000732bfce00, 0x0000000738538000)
 Metaspace       used 10115K, capacity 10340K, committed 10496K, reserved 1058816K
  class space    used 1348K, capacity 1424K, committed 1536K, reserved 1048576K
Event: 28.521 GC heap after
Heap after GC invocations=13 (full 6):
 def new generation   total 441792K, used 0K [0x00000006c0000000, 0x00000006ddf50000, 0x0000000715550000)
  eden space 392768K,   0% used [0x00000006c0000000, 0x00000006c0000000, 0x00000006d7f90000)
  from space 49024K,   0% used [0x00000006d7f90000, 0x00000006d7f90000, 0x00000006daf70000)
  to   space 49024K,   0% used [0x00000006daf70000, 0x00000006daf70000, 0x00000006ddf50000)
 tenured generation   total 981596K, used 588955K [0x0000000715550000, 0x00000007513e7000, 0x00000007c0000000)
   the space 981596K,  59% used [0x0000000715550000, 0x0000000739476fc0, 0x0000000739477000, 0x00000007513e7000)
 Metaspace       used 10115K, capacity 10340K, committed 10496K, reserved 1058816K
  class space    used 1348K, capacity 1424K, committed 1536K, reserved 1048576K
}
Event: 36.125 GC heap before
{Heap before GC invocations=13 (full 6):
 def new generation   total 441792K, used 392768K [0x00000006c0000000, 0x00000006ddf50000, 0x0000000715550000)
  eden space 392768K, 100% used [0x00000006c0000000, 0x00000006d7f90000, 0x00000006d7f90000)
  from space 49024K,   0% used [0x00000006d7f90000, 0x00000006d7f90000, 0x00000006daf70000)
  to   space 49024K,   0% used [0x00000006daf70000, 0x00000006daf70000, 0x00000006ddf50000)
 tenured generation   total 981596K, used 588955K [0x0000000715550000, 0x00000007513e7000, 0x00000007c0000000)
   the space 981596K,  59% used [0x0000000715550000, 0x0000000739476fc0, 0x0000000739477000, 0x00000007513e7000)
 Metaspace       used 11101K, capacity 11348K, committed 11648K, reserved 1058816K
  class space    used 1450K, capacity 1544K, committed 1664K, reserved 1048576K
Event: 37.196 GC heap after
Heap after GC invocations=14 (full 6):
 def new generation   total 441792K, used 49024K [0x00000006c0000000, 0x00000006ddf50000, 0x0000000715550000)
  eden space 392768K,   0% used [0x00000006c0000000, 0x00000006c0000000, 0x00000006d7f90000)
  from space 49024K, 100% used [0x00000006daf70000, 0x00000006ddf50000, 0x00000006ddf50000)
  to   space 49024K,   0% used [0x00000006d7f90000, 0x00000006d7f90000, 0x00000006daf70000)
 tenured generation   total 981596K, used 777147K [0x0000000715550000, 0x00000007513e7000, 0x00000007c0000000)
   the space 981596K,  79% used [0x0000000715550000, 0x0000000744c3ec10, 0x0000000744c3ee00, 0x00000007513e7000)
 Metaspace       used 11101K, capacity 11348K, committed 11648K, reserved 1058816K
  class space    used 1450K, capacity 1544K, committed 1664K, reserved 1048576K
}
Event: 40.418 GC heap before
{Heap before GC invocations=14 (full 6):
 def new generation   total 441792K, used 441792K [0x00000006c0000000, 0x00000006ddf50000, 0x0000000715550000)
  eden space 392768K, 100% used [0x00000006c0000000, 0x00000006d7f90000, 0x00000006d7f90000)
  from space 49024K, 100% used [0x00000006daf70000, 0x00000006ddf50000, 0x00000006ddf50000)
  to   space 49024K,   0% used [0x00000006d7f90000, 0x00000006d7f90000, 0x00000006daf70000)
 tenured generation   total 981596K, used 777147K [0x0000000715550000, 0x00000007513e7000, 0x00000007c0000000)
   the space 981596K,  79% used [0x0000000715550000, 0x0000000744c3ec10, 0x0000000744c3ee00, 0x00000007513e7000)
 Metaspace       used 11105K, capacity 11354K, committed 11648K, reserved 1058816K
  class space    used 1451K, capacity 1545K, committed 1664K, reserved 1048576K
Event: 41.083 GC heap after
Heap after GC invocations=15 (full 6):
 def new generation   total 441792K, used 49023K [0x00000006c0000000, 0x00000006ddf50000, 0x0000000715550000)
  eden space 392768K,   0% used [0x00000006c0000000, 0x00000006c0000000, 0x00000006d7f90000)
  from space 49024K,  99% used [0x00000006d7f90000, 0x00000006daf6fff8, 0x00000006daf70000)
  to   space 49024K,   0% used [0x00000006daf70000, 0x00000006daf70000, 0x00000006ddf50000)
 tenured generation   total 981596K, used 967581K [0x0000000715550000, 0x00000007513e7000, 0x00000007c0000000)
   the space 981596K,  98% used [0x0000000715550000, 0x00000007506376f0, 0x0000000750637800, 0x00000007513e7000)
 Metaspace       used 11105K, capacity 11354K, committed 11648K, reserved 1058816K
  class space    used 1451K, capacity 1545K, committed 1664K, reserved 1048576K
}
Event: 45.509 GC heap before
{Heap before GC invocations=15 (full 6):
 def new generation   total 441792K, used 441791K [0x00000006c0000000, 0x00000006ddf50000, 0x0000000715550000)
  eden space 392768K, 100% used [0x00000006c0000000, 0x00000006d7f90000, 0x00000006d7f90000)
  from space 49024K,  99% used [0x00000006d7f90000, 0x00000006daf6fff8, 0x00000006daf70000)
  to   space 49024K,   0% used [0x00000006daf70000, 0x00000006daf70000, 0x00000006ddf50000)
 tenured generation   total 981596K, used 967581K [0x0000000715550000, 0x00000007513e7000, 0x00000007c0000000)
   the space 981596K,  98% used [0x0000000715550000, 0x00000007506376f0, 0x0000000750637800, 0x00000007513e7000)
 Metaspace       used 15519K, capacity 15796K, committed 16128K, reserved 1062912K
  class space    used 2090K, capacity 2184K, committed 2304K, reserved 1048576K

